2024-11-01	18:18:23		ae160071-4d64-4fd8-855a-bec522be218a		undefined: undefined 	 undefined 	 undefined
2024-11-01	18:19:16		ee00aeeb-4096-4052-8a06-4b9f50b3a741		undefined: undefined 	 undefined 	 undefined
2024-11-02	17:30:52		c564afa6-4481-4dba-9dc8-6951995e3202		undefined: undefined 	 undefined 	 undefined
2025-05-12	10:54:06		f04d53e6-a29a-47c0-a389-1afe71871bac		undefined: undefined 	 undefined 	 undefined
2025-05-12	10:58:06		2bac2aeb-15e8-429f-9b89-e4aec911d39f		undefined: undefined 	 undefined 	 undefined
2025-05-12	11:00:22		47227a71-ef26-4a05-b6b9-616407bfd28d		undefined: undefined 	 undefined 	 undefined
2025-05-12	11:00:36		5f712390-fac8-4c79-9273-62ad2adabb5d		undefined: undefined 	 undefined 	 undefined
2025-05-12	11:00:38		f67289a6-a066-4549-8144-a0233e7393f1		undefined: undefined 	 undefined 	 undefined
2025-05-12	11:00:44		470d0f23-76ec-4657-9408-cd6620fad9ff		undefined: undefined 	 undefined 	 undefined
2025-05-12	11:00:50		b97338ca-b6b9-4b84-8bfd-c98ee24687e7		undefined: undefined 	 undefined 	 undefined
2025-05-12	11:01:16		9aad6e67-549b-4f77-bdb7-aa12d558f779		undefined: undefined 	 undefined 	 undefined
2025-05-12	11:01:22		4dc22f44-bcb9-4120-a02b-ff6c2d861ef0		undefined: undefined 	 undefined 	 undefined
2025-05-12	11:01:25		362f81ca-7c41-4796-a13b-1886786a7f80		undefined: undefined 	 undefined 	 undefined
2025-05-12	11:01:29		1631f415-34fb-4bdb-9add-8d0c6c6dc1fe		undefined: undefined 	 undefined 	 undefined
2025-05-12	11:01:32		ac6d81eb-e40a-453c-9886-c79ef0604ef7		undefined: undefined 	 undefined 	 undefined
2025-05-12	11:01:36		f6d34522-d751-4a4f-a68d-04a3bad350b2		undefined: undefined 	 undefined 	 undefined
2025-05-12	11:01:45		141fcc0c-71c4-4512-afe2-f9f035f9ade8		undefined: undefined 	 undefined 	 undefined
2025-05-12	11:01:51		83e43159-2722-4291-9435-16999749e151		undefined: undefined 	 undefined 	 undefined
2025-05-12	11:01:54		df93aa7a-efcf-475b-a9bc-7cb0ed53a89e		undefined: undefined 	 undefined 	 undefined
2025-05-12	11:02:04		009fa593-583f-40a2-ac75-515f70bb4e30		undefined: undefined 	 undefined 	 undefined
2025-05-12	11:02:06		890baa68-9793-4871-b909-2217cf71d4da		undefined: undefined 	 undefined 	 undefined
2025-05-12	11:02:14		971452ec-da57-4be8-958e-e296711fa808		undefined: undefined 	 undefined 	 undefined
2025-05-12	11:02:17		b94fadc7-36a1-46e6-bdec-c083f044d2a8		undefined: undefined 	 undefined 	 undefined
2025-05-12	11:02:24		45c11a44-78f4-4a7f-a82e-3c830d907541		undefined: undefined 	 undefined 	 undefined
2025-05-12	11:02:28		0af01faf-e4c6-4cf8-8106-7e2716b90844		undefined: undefined 	 undefined 	 undefined
2025-05-12	11:02:32		24083ad6-7abd-47ec-9a1b-c5674ed0d7f4		undefined: undefined 	 undefined 	 undefined
2025-05-12	11:02:36		f9389cb0-71f4-4a35-b227-8567db88938d		undefined: undefined 	 undefined 	 undefined
2025-05-12	11:02:38		8264f5ce-ccfc-452b-8a3d-9b9ec13035ee		undefined: undefined 	 undefined 	 undefined
2025-05-12	11:03:14		a0f34a13-ecf8-45ef-a8fe-1f0230a9a030		undefined: undefined 	 undefined 	 undefined
2025-05-12	11:03:23		9fe70991-c83c-4d98-98a0-87708a18f299		undefined: undefined 	 undefined 	 undefined
2025-05-12	11:03:26		ad92bdb2-a837-4bf1-a6ee-5921ace3af0a		undefined: undefined 	 undefined 	 undefined
2025-05-12	11:03:38		07b23799-54e9-4393-9b0a-867614b3d567		undefined: undefined 	 undefined 	 undefined
2025-05-12	11:03:45		643da307-7d7e-4187-8fef-fcf6e6568f41		undefined: undefined 	 undefined 	 undefined
2025-05-12	11:03:51		e64999bd-6311-45e7-ba30-bb3894dac0b6		undefined: undefined 	 undefined 	 undefined
2025-05-12	11:04:07		07b7a4e7-0311-4a87-9432-f70fba53a71a		undefined: undefined 	 undefined 	 undefined
2025-05-12	11:04:10		4a2e157b-75db-4fc0-96b0-e77fe02f654a		undefined: undefined 	 undefined 	 undefined
2025-05-12	11:04:18		8eec2b4b-5386-43fb-8d6b-047774164ed1		undefined: undefined 	 undefined 	 undefined
2025-05-12	11:04:21		76014e7a-2f84-4c6a-88e0-227f1f8563d5		undefined: undefined 	 undefined 	 undefined
2025-05-12	11:04:26		9924a437-0e24-4fb7-84ed-1a8c71eb103a		undefined: undefined 	 undefined 	 undefined
2025-05-12	11:04:35		0384bfae-046d-4215-a195-6547770b43e6		undefined: undefined 	 undefined 	 undefined
2025-05-12	11:04:38		5e429130-ea47-46ef-8011-1af4a2b4ce51		undefined: undefined 	 undefined 	 undefined
2025-05-12	11:04:48		85bb533f-d596-402b-ae57-af9d182ad5e8		undefined: undefined 	 undefined 	 undefined
2025-05-12	11:04:57		a5d8847e-191a-4a7c-b9e2-00a2c96f5501		undefined: undefined 	 undefined 	 undefined
2025-05-12	11:05:01		75956dce-9374-4218-aea2-90edfc23e78c		undefined: undefined 	 undefined 	 undefined
2025-05-12	11:05:06		8ca00f41-4ebb-4565-b686-843a050fc438		undefined: undefined 	 undefined 	 undefined
2025-05-12	11:05:10		3358244f-287b-4068-8009-7699d1b5623b		undefined: undefined 	 undefined 	 undefined
2025-05-12	11:05:16		d5deca23-9f19-4822-8894-b039d0755424		undefined: undefined 	 undefined 	 undefined
2025-05-12	11:05:19		239d34c8-63ec-4365-a7a9-ba262c4186a0		undefined: undefined 	 undefined 	 undefined
2025-05-12	11:05:52		ad76193c-e415-4a28-b035-66644970cd01		undefined: undefined 	 undefined 	 undefined
2025-05-12	11:05:54		2d392890-e037-4edb-a668-80e856016b28		undefined: undefined 	 undefined 	 undefined
2025-05-12	11:05:59		9a1c1819-d7cc-4166-83c6-614791d4b209		undefined: undefined 	 undefined 	 undefined
2025-05-12	11:06:05		6ad3285c-1c1d-4db9-81fe-12f5caa9df6c		undefined: undefined 	 undefined 	 undefined
2025-05-12	11:06:23		580a18ce-8368-4fc1-85ea-05b231f524b4		undefined: undefined 	 undefined 	 undefined
2025-05-12	11:07:15		b30e99d7-d30b-403f-9d1b-ba2528ac0458		undefined: undefined 	 undefined 	 undefined
2025-05-12	11:07:21		56fd8d22-973c-4b1e-852d-0ba3af940583		undefined: undefined 	 undefined 	 undefined
2025-05-12	11:07:25		d0257f6e-7e44-4fab-990b-32320ec6c0bc		undefined: undefined 	 undefined 	 undefined
2025-05-12	11:07:36		0f8f4ec5-378d-48e6-b4d8-930633f7cfe0		undefined: undefined 	 undefined 	 undefined
2025-05-12	11:07:40		55935104-a474-4511-bdb5-72166d6ea876		undefined: undefined 	 undefined 	 undefined
2025-05-12	11:07:50		85112183-55db-4fb7-bfc3-81a2b6b31882		undefined: undefined 	 undefined 	 undefined
2025-05-12	11:07:55		763fef1a-1c5f-4241-9430-07d826b612e2		undefined: undefined 	 undefined 	 undefined
2025-05-12	11:07:58		2f7b2fef-86eb-4375-9846-2eedb3d693ea		undefined: undefined 	 undefined 	 undefined
2025-05-12	11:08:17		47cca02e-048a-4802-838e-5478aea08eef		undefined: undefined 	 undefined 	 undefined
2025-05-12	11:13:19		fcf54465-a93a-4be9-9da8-acac9f11aedf		undefined: undefined 	 undefined 	 undefined
2025-05-12	11:13:41		7d3f986c-b4dd-44a9-a00a-f357d7a1ac11		undefined: undefined 	 undefined 	 undefined
2025-05-12	11:14:23		4b896fe6-853b-4f03-92b9-ee75c9c9a0ff		undefined: undefined 	 undefined 	 undefined
2025-05-12	11:14:27		aeb77bf1-f509-4fc4-9338-30f53aadc037		undefined: undefined 	 undefined 	 undefined
2025-05-12	11:14:32		c7c8a4b9-19b9-4f0b-9924-e8c436e6dad0		undefined: undefined 	 undefined 	 undefined
2025-05-12	11:14:46		6b0e5e7b-8f8c-49be-8a1d-af6a151d1358		undefined: undefined 	 undefined 	 undefined
2025-05-12	11:14:55		338f7ed3-79fe-4155-bdce-7b29d1506663		undefined: undefined 	 undefined 	 undefined
2025-05-12	11:15:11		85b85f1d-b32e-44dc-91cd-3bc5404a3cb5		undefined: undefined 	 undefined 	 undefined
2025-05-12	11:16:21		8672cab5-7bd7-49c8-82af-92c8d36d92b9		undefined: undefined 	 undefined 	 undefined
2025-05-12	11:17:54		2903ceaf-dd28-4990-bf72-98d2126a3a73		undefined: undefined 	 undefined 	 undefined
2025-05-12	11:17:58		ac6edcf8-36f8-4602-869f-a25095446962		undefined: undefined 	 undefined 	 undefined
2025-05-19	15:13:29		32d900d9-869c-405b-9b76-862cb2447e1f		undefined: undefined 	 undefined 	 undefined
