2024-10-18	18:18:46	c1370d1c-81d3-4518-b5b9-89471755b172	GET	/	undefined
2024-10-18	18:18:48	07955bf4-8395-410c-a95e-c4a9b5261cf1	GET	/favicon.ico	undefined
2024-10-18	18:24:40	e70a7bed-cd4b-474d-ad33-a93ed6ef7aa9	GET	/	undefined
2024-10-18	18:24:41	604cce62-aecf-4819-b5ac-b7414346c92d	GET	/	undefined
2024-10-18	18:26:00	2f48b1d3-bcca-4a02-b3d4-1a2f0cd331b9	GET	/	undefined
2024-10-18	18:26:00	ce5be094-6d07-4e38-849a-d8a717740a88	GET	/css/style.css	undefined
2024-10-18	18:26:26	be8ee3c5-4dce-41f0-a0f3-6d6d0c0755ce	GET	/	undefined
2024-10-18	18:26:26	3f0fc0b0-97ff-4dd7-941c-8b2a235a743e	GET	/css/style.css	undefined
2024-10-18	18:26:28	8a8c7386-cc91-4850-b987-c1ad12faeb8c	GET	/	undefined
2024-10-18	18:26:28	6cc0ed53-cdfa-4bea-9790-6d753553bb12	GET	/css/style.css	undefined
2024-10-18	18:27:04	fefcee47-fd23-4db9-bb8a-c93ba3080cd5	GET	/	undefined
2024-10-18	18:27:04	1862d2a9-359b-4bb9-b129-6d2ac839e445	GET	/css/style.css	undefined
2024-10-18	18:27:06	4e644532-b642-41c4-8754-e28cbc2be84c	GET	/	undefined
2024-10-18	18:27:06	cf438d9c-de5e-4857-b765-ee7e729e4244	GET	/css/style.css	undefined
2024-10-18	18:27:06	74993173-6447-42be-a2b2-1e916434359c	GET	/	undefined
2024-10-18	18:27:06	6dc5baf8-523a-448b-ac1e-04c7410f2808	GET	/css/style.css	undefined
2024-10-18	18:28:11	43ec7929-b397-4f8d-a3d4-e477b68614ca	GET	/	undefined
2024-10-18	18:28:11	a85ea063-4474-46df-b6d1-2a3e202c5309	GET	/public/css/style.css	undefined
2024-10-18	18:29:19	584fb267-5437-48a6-8b9d-a11229605122	GET	/	undefined
2024-10-18	18:29:20	81f08b8e-1676-420c-965d-3def9ff23435	GET	/public/css/style.css	undefined
2024-10-18	18:30:11	aadbeca8-1880-4e13-ae06-3349fefd8679	GET	/	undefined
2024-10-18	18:30:12	48455164-1c02-48a6-9657-2dfb36a59d87	GET	/public/css/style.css	undefined
2024-10-18	18:30:13	dc2ecd37-156e-428a-85e3-de91669d6c2d	GET	/	undefined
2024-10-18	18:30:13	4fd4132d-ba79-4aa0-a439-8e8feb27ea0d	GET	/public/css/style.css	undefined
2024-10-18	18:30:14	5d7cd77b-6115-4349-b74a-67ed468597b0	GET	/	undefined
2024-10-18	18:30:14	a3a8c00b-39db-4e3f-94bc-0c158b435a20	GET	/public/css/style.css	undefined
2024-10-18	18:31:15	cb5e63b8-38a3-4ea0-ba03-0c78442b215d	GET	/	undefined
2024-10-18	18:31:15	5b997e27-1f0e-429a-9eba-889cbb4b0665	GET	/css/style.css	undefined
2024-10-18	18:31:50	67ea15a7-594b-4f7e-93ef-a89dcc5d74f2	GET	/	undefined
2024-10-18	18:31:50	d4ef5248-6b62-4d03-a94d-d9fa0e77eb07	GET	/css/style.css	undefined
2024-10-18	18:32:18	9db91484-04bf-46a7-956b-3ae887c96a1e	GET	/	undefined
2024-10-18	18:32:18	9618e262-bc52-4241-a754-553cbab44dd5	GET	/css/style.css	undefined
2024-10-18	18:33:23	c49e46d4-3b3e-45c2-86da-3a37d5f24072	GET	/	undefined
2024-10-18	18:33:34	34a46b40-7c77-4fb4-b782-211a1167df8d	GET	/	undefined
2024-10-18	18:33:35	209b7d9c-192d-4217-8bc2-2560671fbab3	GET	/css/style.css	undefined
2024-10-18	18:34:16	80b55806-3d51-4743-a852-c399b6f7acf5	GET	/	undefined
2024-10-18	18:34:16	c69fffa7-1c30-41ed-af50-ca15f5cabae4	GET	/style.css	undefined
2024-10-18	18:34:17	b9192ff1-440d-4cd0-a987-d33cd276ac20	GET	/	undefined
2024-10-18	18:34:17	f035cda2-0f2a-4ad8-9e29-e5cf76f3724c	GET	/style.css	undefined
2024-10-18	18:34:18	196a86de-0ed2-4192-9c61-7aabf1037981	GET	/	undefined
2024-10-18	18:34:18	848a4caf-eae3-4ffb-ac6a-98b2438ad7fe	GET	/style.css	undefined
2024-10-18	18:34:45	afc95e9c-2e2e-4786-aa31-a1a3f0f51929	GET	/	undefined
2024-10-18	18:34:45	9eca79f2-e724-4918-8235-0cb27bb8ab8b	GET	/style.css	undefined
2024-10-18	18:35:00	e94d075f-1686-4cd0-b914-4053282a4af0	GET	/	undefined
2024-10-18	18:35:01	5f154c8a-e80d-4e8c-a258-f986520aad77	GET	/style.css	undefined
2024-10-18	18:35:45	6d730cda-9f00-46b9-bc0f-56d78f21692c	GET	/	undefined
2024-10-18	18:35:45	e5c8001f-c180-44d5-b16e-75a40d0360b4	GET	/src/public/css/style.css	undefined
2024-10-18	18:36:52	e824ab8b-4636-461e-a518-e1572a9e3ef1	GET	/	undefined
2024-10-18	18:36:52	5d22601e-3def-486e-93ed-91bcdaeddad2	GET	/css/style.css	undefined
2024-10-18	18:36:53	01e272d8-ae9b-440b-b9da-56e68e248aa5	GET	/	undefined
2024-10-18	18:36:53	b99d46a7-a4cf-432e-aa45-9b79c7cd8639	GET	/css/style.css	undefined
2024-10-18	18:36:54	244ef34c-e51a-49e4-ad61-dec10a001be7	GET	/	undefined
2024-10-18	18:36:54	bacf2a1b-db6b-4867-b029-1aba937c8093	GET	/css/style.css	undefined
2024-10-18	18:37:22	ca686b7a-f068-4cd8-bd83-a88f227895f8	GET	/net/api/router/list/670292d4f2059d6fe17d57db	undefined
2024-10-18	18:37:32	64d61eca-1758-408f-ba7c-764b25c9fd76	GET	/	undefined
2024-10-18	18:37:32	a8f634cc-ae8e-488a-bde2-72b9f6ff1f03	GET	/css/style.css	undefined
2024-10-18	18:37:33	a32fd5d8-1a67-499c-933c-d46213258e4d	GET	/	undefined
2024-10-18	18:37:33	786413e0-16dc-4ec2-a554-d1fab38b95d2	GET	/css/style.css	undefined
2024-10-18	18:54:10	f366c80a-02de-4d39-9485-9f005bbf9148	GET	/	undefined
2024-10-18	18:54:10	2777bef1-48c2-418f-97e6-45c165283fa7	GET	/css/style.css	undefined
2024-10-18	19:22:45	975e0c3a-7de1-4536-84f1-b8319b1fe50f	GET	/css/style.css	undefined
2024-10-20	14:54:33	a5ed651a-344d-4e13-baf0-c39542ee9d60	GET	/net/api/vendor/subscription/listAll	undefined
2024-10-20	15:00:59	9a470c47-a850-4752-a2df-896eaa3bbd94	GET	/net/api/vendor/subscription/listAll	undefined
2024-10-20	15:01:03	4e70c5fc-37c4-48fc-bfdb-bd5b678b01ef	DELETE	/net/api/vendor/subscription/listAll	undefined
2024-10-20	15:01:12	5ba394bf-5ac0-497c-ba74-49cff2e78e01	DELETE	/net/api/vendor/subscription/2/delete	undefined
2024-10-20	15:26:04	786b62fd-fab4-4332-8780-e73c4c4cbdc4	POST	/net/api/vendor/subscription/listAll	undefined
2024-10-20	15:26:10	fca411ff-f323-4657-bc5d-7e49a0e5d1d8	POST	/net/api/vendor/subscription/create	undefined
2024-10-20	15:27:35	e37f8a16-b637-4c52-871b-9fc1e0bb3c38	POST	/net/api/vendor/subscription/create	undefined
2024-10-20	15:27:57	56186778-4484-43c9-9a31-2348e6e52a3f	POST	/net/api/vendor/subscription/create	undefined
2024-10-20	15:32:49	fa9fea68-e8f4-466c-8a71-2667cd3c7747	POST	/net/api/vendor/subscription/create	undefined
2024-10-20	15:33:04	37dfa8ff-3b8b-404b-80a2-64889ae8dcb9	GET	/net/api/vendor/list	undefined
2024-10-20	15:33:22	e1669d16-1030-489a-a284-94eaaa07c857	POST	/net/api/vendor/subscription/create	undefined
2024-10-20	15:34:07	48849b13-a79e-4554-a0cc-b8f5098ffa70	POST	/net/api/vendor/subscription/create	undefined
2024-10-20	15:34:09	eca10dfc-039c-4ea2-affa-6497d025526f	POST	/net/api/vendor/subscription/create	undefined
2024-10-20	15:34:10	4b4318bc-6a25-4cc7-bf13-54c501061499	POST	/net/api/vendor/subscription/create	undefined
2024-10-20	15:34:51	7fe07a7e-60cd-4c7c-bb6d-9ee4fc7166d0	POST	/net/api/vendor/subscription/create	undefined
2024-10-20	15:38:32	e834d075-638d-48ea-8d99-980d5c57355c	POST	/net/api/vendor/subscription/create	undefined
2024-10-20	15:38:51	8de72917-11d7-49e5-8c50-b055aab61f45	POST	/net/api/vendor/subscription/create	undefined
2024-10-20	15:39:05	95a1f1c5-b5f1-4c9b-84f6-4e0ec3bec796	POST	/net/api/vendor/subscription/create	undefined
2024-10-20	15:42:02	d0095d24-9386-4904-81fe-7f0661a8c597	GET	/net/api/vendor/subscription/listAll	undefined
2024-10-20	15:54:30	f8311433-d71a-4fcb-968c-4149c918ac84	GET	/net/api/vendor/subscription/listAll	undefined
2024-10-20	15:54:34	3405fb3b-874f-4eac-98ae-70a594a2da68	POST	/net/api/vendor/subscription/create	undefined
2024-10-20	15:54:47	748f1922-6cdd-433d-bb7d-e022c9879ce8	POST	/net/api/vendor/subscription/create	undefined
2024-10-20	15:55:02	8292eb2a-6220-4183-8a69-e4d6808c267e	GET	/net/api/vendor/list	undefined
2024-10-20	15:56:07	750403f4-02e3-49d4-9edd-3dc3f099fdd0	POST	/net/api/vendor/subscription/create	undefined
2024-10-20	15:56:10	5f1607f7-5e87-4b48-8043-1dfd16289c7b	POST	/net/api/vendor/subscription/create	undefined
2024-10-20	15:56:14	e7adbb50-57e9-4ad9-85f6-969aac25e8de	GET	/net/api/vendor/list	undefined
2024-10-20	15:58:31		1c44a185-1f0d-4364-a423-e1a846874bb7		GET		/net/api/vendor/subscription/listAll		undefined
2024-10-20	15:59:11		314e6f20-d31d-4ff2-a9c3-cd03f63288c0		GET		/net/api/vendor/list		undefined
2024-10-20	17:35:10		46f195a0-8b54-4e19-8679-f51a8d32cdc2		GET		/net/api/vendor/subscription/filter		undefined
2024-10-20	17:36:56		a98fab65-ed2f-4181-8ea9-3128ef1f0e81		GET		/net/api/vendor/list		undefined
2024-10-20	17:37:01		7573b5ae-f9ed-4dbc-8f11-55b17316bb59		GET		/net/api/vendor/subscription/filter		undefined
2024-10-20	17:37:21		fcbe93d9-ea65-4db3-b471-6623ed39e094		GET		/net/api/vendor/subscription/filter		undefined
2024-10-20	17:37:34		2867d603-ec03-44cb-98d9-ab71147321f3		GET		/net/api/vendor/subscription/filter		undefined
2024-10-20	17:37:42		9e66b97f-31a8-48dd-8b7b-0cb5ada4d331		GET		/net/api/vendor/subscription/filter		undefined
2024-10-20	17:38:02		971431c3-4aba-4ece-b4a6-3cd88299a724		GET		/net/api/vendor/subscription/filter		undefined
2024-10-20	17:38:03		00005e99-3075-430f-8fa0-33489fae2f3e		GET		/net/api/vendor/subscription/filter		undefined
2024-10-20	17:38:11		d77c2dcc-6dd1-4a58-9e31-69b031a7e769		GET		/net/api/vendor/subscription/filter		undefined
2024-10-20	17:38:49		55cfd1bd-310d-4f4b-86fa-3f5f46020bd8		GET		/net/api/vendor/subscription/filter		undefined
2024-10-20	17:38:57		a4928272-8e0a-4ed8-8c8b-b24313b420af		GET		/net/api/vendor/subscription/filter		undefined
2024-10-20	17:39:49		0a2a206c-edc6-4e76-acac-c1e5b277711f		GET		/net/api/vendor/subscription/filter		undefined
2024-10-20	17:40:28		89c7f7b0-94fa-46ec-b740-967c76d09885		GET		/net/api/vendor/subscription/filter		undefined
2024-10-20	17:40:34		bc43a26e-c285-4d6e-8045-ed90a699b7f0		GET		/net/api/vendor/subscription/filter		undefined
2024-10-20	17:40:43		ce2f56d9-ebdd-40a8-b8e9-6c0d819b9fc7		GET		/net/api/vendor/subscription/filter		undefined
2024-10-20	17:40:53		76d3441f-76a5-485e-91d8-d7502ebe6a65		GET		/net/api/vendor/subscription/filter		undefined
2024-10-20	17:40:58		7f96fcb2-7ba4-4c27-9454-783865738932		GET		/net/api/vendor/subscription/filter		undefined
2024-10-20	17:41:12		951c91be-39bf-452d-8184-09afc661d4d0		GET		/net/api/vendor/subscription/filter		undefined
2024-10-20	17:42:27		e138f598-beab-4291-87f6-056655e8f7b2		GET		/net/api/vendor/subscription/filter		undefined
2024-10-20	17:43:42		44a6d001-0af2-4b97-a5ca-0233ea77790a		GET		/net/api/vendor/subscription/filter		undefined
2024-10-20	17:44:52		5fffa508-58e9-4353-9445-dfb8b6aa6eca		GET		/net/api/vendor/subscription/filter		undefined
2024-10-20	17:46:25		e1f93641-b020-445d-b0df-8448370e4982		GET		/net/api/vendor/subscription/filter		undefined
2024-10-20	17:47:11		fe35a1fe-7b56-4309-93a6-b479fd889be9		GET		/net/api/vendor/subscription/filter		undefined
2024-10-20	17:47:29		57946db2-59ab-4a23-a8c5-58d44e7c0b2e		GET		/net/api/vendor/subscription/filter		undefined
2024-10-20	17:47:32		376987a3-c513-4358-a883-4b721834a7f0		GET		/net/api/vendor/subscription/filter		undefined
2024-10-20	18:10:17		78f4e541-e26d-4374-b937-553c20ad86ab		PUT		/net/api/vendor/subscription/2/update		undefined
2024-10-20	18:10:49		8e720e2d-8ee5-4018-96e7-ce5f212ac283		PUT		/net/api/vendor/subscription/6714f9e966ff80a3b610ac21/update		undefined
2024-10-20	18:11:35		a7e9ed71-e5e5-49f4-acd8-3c0c85fc0526		PUT		/net/api/vendor/subscription/6714f9e966ff80a3b610ac21/update		undefined
2024-10-20	18:11:38		942386ec-86a4-4551-be04-8b7a80e96884		PUT		/net/api/vendor/subscription/6714f9e966ff80a3b610ac21/update		undefined
2024-10-20	18:12:11		0015d31b-0038-4bc6-ae4c-195389404673		PUT		/net/api/vendor/subscription/6714f9e966ff80a3b610ac21/update		undefined
2024-10-20	18:12:14		845c26cc-9fac-4e0b-b282-f5f433915c7e		GET		/net/api/vendor/subscription/listAll		undefined
2024-10-20	18:12:45		40faf0a2-9c22-402c-90d6-88800c38f2dd		PUT		/net/api/vendor/subscription/6714f9e966ff80a3b610ac21/update		undefined
2024-10-20	18:12:47		e5c37c91-0c02-4eca-b74b-b7885a3fe7d9		GET		/net/api/vendor/subscription/listAll		undefined
2024-10-20	18:12:56		b1aa4121-a7c2-4ec4-9f7f-d7d9e24c6c5f		PUT		/net/api/vendor/subscription/6714f9e966ff80a3b610ac21/update		undefined
2024-10-20	18:12:58		848c7c4b-31c3-4f04-a461-82690a317331		GET		/net/api/vendor/subscription/listAll		undefined
2024-10-21	20:34:23		287486ba-3a17-4f68-b16f-0e995c7bc440		GET		/net/api/user/subscription/listAll		undefined
2024-10-21	20:34:28		98e91ecd-e92e-40cf-bc4e-ef05e8c99ee0		GET		/net/api/user/subscription/listAll		undefined
2024-10-21	20:34:29		9ef346b6-46be-4ee7-a450-f09b69e54694		GET		/net/api/user/subscription/listAll		undefined
2024-10-21	20:34:29		eef11594-c398-4fb6-afc1-a4001e9d86fb		GET		/net/api/user/subscription/listAll		undefined
2024-10-21	20:37:14		8e646dc2-0091-4648-b8bb-fe6676de3dcd		GET		/net/api/use/subscription/1/delete		undefined
2024-10-21	20:37:19		b2644435-c541-4602-a964-b13e8534d4f2		DELETE		/net/api/use/subscription/1/delete		undefined
2024-10-21	20:37:26		79cf99b7-2109-4433-8df2-fbabee0807c8		DELETE		/net/api/user/subscription/1/delete		undefined
2024-10-21	20:37:41		65a3f560-969a-4c4f-9de0-b04b0cc8f327		DELETE		/net/api/user/subscription/1/delete		undefined
2024-10-21	20:37:42		25a8424b-ec29-4bd1-8202-4c2757654ab9		DELETE		/net/api/user/subscription/1/delete		undefined
2024-10-21	20:37:43		04ec3f72-d3d1-42c5-8938-eb7be074669d		DELETE		/net/api/user/subscription/1/delete		undefined
2024-10-21	21:28:13		0045f7a6-f619-4d5d-9ce3-c9a95ea72e0e		GET		/net/api/user/subscription/create		undefined
2024-10-21	21:28:18		bc1860cb-6ff3-4066-8161-c3e4e27e5bba		POST		/net/api/user/subscription/create		undefined
2024-10-21	21:29:22		49946ad5-26b9-4dec-a647-9475f9896bc4		POST		/net/api/user/subscription/create		undefined
2024-10-21	21:29:34		c3501bd4-5cc4-4a70-9707-21930594bc55		GET		/net/auth/api/users/listAll		undefined
2024-10-21	21:29:49		f1f07a4b-c983-4863-9acc-0476a1688f3e		POST		/net/api/user/subscription/create		undefined
2024-10-21	21:30:00		47446b1c-b803-477d-b710-ba51b9a154e5		GET		/net/api/vendor/subscription/listAll		undefined
2024-10-21	21:30:13		be41dca8-1cc0-4b07-ae30-1d385171d0ea		POST		/net/api/user/subscription/create		undefined
2024-10-21	21:31:05		b5e7a6f2-da94-470b-8d84-ba31ef58a935		POST		/net/api/user/subscription/create		undefined
2024-10-21	21:31:16		90f70c53-45ac-4e07-bcdb-e1401e697b57		POST		/net/api/user/subscription/create		undefined
2024-10-22	14:38:50		81e86cb4-0a74-4763-8f0b-eaab1fbb21f3		POST		/net/api/user/subscription/create		undefined
2024-10-22	14:40:00		667cc2e2-6c97-408b-bfc3-c7c1523768d0		POST		/net/api/user/subscription/create		undefined
2024-10-22	14:41:33		9f40603c-f237-4a15-9a34-ecd76b9faf6e		POST		/net/api/user/subscription/create		undefined
2024-10-22	14:41:35		36842a55-a133-430b-834b-7a3f19083ac4		POST		/net/api/user/subscription/create		undefined
2024-10-22	14:41:37		77e2633b-c5b9-4e90-aff8-e9ddeece9181		POST		/net/api/user/subscription/create		undefined
2024-10-22	14:48:22		cd71abfa-21e9-438b-8b92-7f186b0d580a		POST		/net/api/user/subscription/create		undefined
2024-10-22	14:48:37		fd8b2f42-ef5a-416a-baf7-1581efa06d66		POST		/net/api/user/subscription/create		undefined
2024-10-22	14:49:18		09ae17a7-6729-4910-9250-07367ec7caed		POST		/net/api/user/subscription/create		undefined
2024-10-22	14:51:47		d2f19cf4-e840-45fb-b2d0-961c510c94d6		POST		/net/api/user/subscription/create		undefined
2024-10-22	14:53:34		0d96a82d-f877-4039-933d-6007a2ffa54a		POST		/net/api/user/subscription/create		undefined
2024-10-22	14:54:08		74d931e5-864d-47e1-b755-2f4a105341a0		POST		/net/api/user/subscription/create		undefined
2024-10-22	14:55:31		f753f5fc-1831-4fad-85ec-aca08e5250a6		POST		/net/api/user/subscription/create		undefined
2024-10-22	14:55:47		2d5aca87-920b-49cb-910b-043ae2032391		POST		/net/api/user/subscription/create		undefined
2024-10-22	14:55:48		050d4db0-d707-444d-a901-3e52c6838ca6		POST		/net/api/user/subscription/create		undefined
2024-10-22	14:55:49		40a442c9-9c77-4d2b-9eb3-16446c4adc14		POST		/net/api/user/subscription/create		undefined
2024-10-22	14:55:50		d1b4c9c5-4822-4307-ada5-19ef60b9f4d8		POST		/net/api/user/subscription/create		undefined
2024-10-22	14:55:52		af40fea1-81e9-42d6-8046-25f9d89d49ed		POST		/net/api/user/subscription/create		undefined
2024-10-22	14:55:53		63ced746-ce87-4170-aeac-826d5a367221		POST		/net/api/user/subscription/create		undefined
2024-10-22	14:57:47		262f7677-9af3-410d-8579-4edfcd734284		POST		/net/api/user/subscription/create		undefined
2024-10-22	14:58:27		8edd58fc-c96c-4689-a81c-41ed23c9078a		POST		/net/api/user/subscription/create		undefined
2024-10-22	14:58:44		1af861b1-1567-4e58-bf48-3e6b62e22604		POST		/net/api/user/subscription/create		undefined
2024-10-22	14:59:02		23db2ff4-ea3b-4694-903c-2a715774589b		POST		/net/api/user/subscription/create		undefined
2024-10-22	14:59:17		46d5616b-4b62-4853-9933-322347ab7ebe		POST		/net/api/user/subscription/create		undefined
2024-10-22	14:59:40		b5c6e94c-2874-496d-a2e8-57461a565191		POST		/net/api/user/subscription/create		undefined
2024-10-22	14:59:46		29bbf6d6-2c9e-4402-a004-b856647c459c		POST		/net/api/user/subscription/create		undefined
2024-10-22	14:59:48		1dc5df9c-b02e-4963-9116-a809f25253dc		POST		/net/api/user/subscription/create		undefined
2024-10-22	14:59:49		c62e8cba-3a16-4a00-bf41-45e9c7945a59		POST		/net/api/user/subscription/create		undefined
2024-10-22	14:59:50		3c94d1cb-a962-42b1-8852-dbb85becbe60		POST		/net/api/user/subscription/create		undefined
2024-10-22	15:00:22		21e44ad3-0a5f-45ab-b155-0e24be91fca0		POST		/net/api/user/subscription/create		undefined
2024-10-22	15:00:28		40cec809-a539-4264-a733-ed4abf25e0ed		POST		/net/api/user/subscription/create		undefined
2024-10-22	15:00:38		3bee50a4-519d-49f6-8fc4-7d257f53733c		POST		/net/api/user/subscription/create		undefined
2024-10-22	15:00:41		13ecb351-fa4c-4c95-8a0c-98191a949d5a		POST		/net/api/user/subscription/create		undefined
2024-10-22	15:00:42		8f8df58d-8b63-4e82-b083-bd0b7a25785b		POST		/net/api/user/subscription/create		undefined
2024-10-22	15:00:43		2871a91f-cada-4da6-866d-420dcc156425		POST		/net/api/user/subscription/create		undefined
2024-10-22	15:00:45		f8666cd2-bac9-427e-836d-aada3de45e49		POST		/net/api/user/subscription/create		undefined
2024-10-22	15:00:46		196daf94-bdc5-4342-945a-41cbc1d9d77c		POST		/net/api/user/subscription/create		undefined
2024-10-22	15:00:47		3beae899-5b3b-48c9-a681-ee5d0715b7b0		POST		/net/api/user/subscription/create		undefined
2024-10-22	15:00:50		ccdc2c0c-0e84-4d3f-89ac-f9933f36f7d6		POST		/net/api/user/subscription/create		undefined
2024-10-22	15:00:51		d67649bd-ce9d-4589-8946-464722a5de58		POST		/net/api/user/subscription/create		undefined
2024-10-22	15:00:52		9ce254d1-7695-4584-b185-821d435ef7ec		POST		/net/api/user/subscription/create		undefined
2024-10-22	15:00:53		c2d9a347-521d-4b3f-9490-42d7266a14a1		POST		/net/api/user/subscription/create		undefined
2024-10-22	15:02:06		65755bd6-0a02-4a0c-a85d-aa9f20a849b3		POST		/net/api/user/subscription/create		undefined
2024-10-22	15:02:19		9e19d91a-6f11-4418-821f-9393bdb1053f		POST		/net/api/user/subscription/create		undefined
2024-10-22	15:02:36		1f8eb3c7-8a66-4ab9-a80c-89bf6a313f3f		POST		/net/api/user/subscription/create		undefined
2024-10-22	15:02:37		ce5faac1-1fa2-4e01-99f1-78cb302ddda0		POST		/net/api/user/subscription/create		undefined
2024-10-22	15:03:27		a443cb46-64ee-4ecf-9460-d4788e7360e4		GET		/net/api/use/subscription/listAll		undefined
2024-10-22	15:03:38		7360b52e-bea0-4df2-a362-da4e13fd517b		GET		/net/api/user/subscription/listAll		undefined
2024-10-22	15:03:55		712cfd31-2be3-4295-a833-70a0f2c274a0		GET		/net/api/vendor/subscription/listAll		undefined
2024-10-22	15:04:21		192972e1-f87b-4b04-88bb-5cb8c629b831		GET		/net/api/user/subscription/listAll		undefined
2024-10-22	15:04:45		024a4ce9-e7ea-489a-8c88-912ff041ba3b		POST		/net/api/user/subscription/create		undefined
2024-10-22	15:07:06		5b8c916f-4d54-45a1-b2f8-09918f4052c6		POST		/net/api/user/subscription/create		undefined
2024-10-22	15:07:38		bb463e7e-94a5-415d-90e3-5e3704454d20		POST		/net/api/user/subscription/create		undefined
2024-10-22	15:07:58		24dd8564-9a2b-4e30-89df-a41acc3dde42		POST		/net/api/user/subscription/create		undefined
2024-10-22	15:09:55		955dd742-0aa3-456c-972d-56e209d88313		POST		/net/api/user/subscription/create		undefined
2024-10-22	15:11:50		aba42e93-c49c-4f05-b51e-2e6ee40e7c67		GET		/net/auth/api/users/listAll		undefined
2024-10-22	15:16:10		a7e4bc3f-7270-4821-ad35-6fe812e560c8		POST		/net/api/user/subscription/create		undefined
2024-10-22	15:16:30		79da7824-a0a2-468f-a084-992893a7db0a		POST		/net/api/user/subscription/create		undefined
2024-10-22	15:16:31		4e05e1b3-67a9-472a-82b1-f6263d35b111		POST		/net/api/user/subscription/create		undefined
2024-10-22	15:23:11		34a82f89-dbce-441f-9aa4-48f27ab0317b		POST		/net/api/user/subscription/create		undefined
2024-10-22	15:23:23		2ba94549-a0c3-4f86-8424-1afb7ab8c62d		POST		/net/api/user/subscription/create		undefined
2024-10-22	15:28:36		49d2e512-769f-4e4b-a243-bd20dafe6d32		POST		/net/api/user/subscription/create		undefined
2024-10-22	15:28:39		1de08d98-6575-4d00-9f59-210f102bb5e1		POST		/net/api/user/subscription/create		undefined
2024-10-22	15:30:37		295ede3d-6ccb-493b-9567-e5c8a2976c74		POST		/net/api/user/subscription/create		undefined
2024-10-22	15:32:56		e4c3945e-325a-4f84-853e-b94976cc0e26		POST		/net/api/user/subscription/create		undefined
2024-10-22	15:33:14		c4a45a51-3119-43b5-be2d-b0f44163d0b6		POST		/net/api/user/subscription/create		undefined
2024-10-22	15:34:21		7038f24f-4322-4fd0-88dd-d33a3b2730e9		POST		/net/api/vendor/subscription/create		undefined
2024-10-22	15:35:18		99625265-8dfe-472d-ba65-ae4e497b258b		POST		/net/api/vendor/subscription/create		undefined
2024-10-22	15:35:34		305381a1-50ef-4201-a596-858027de2e14		POST		/net/api/user/subscription/create		undefined
2024-10-22	15:36:58		4320d1fb-274f-462c-bfd6-edf4ffd28b4b		POST		/net/api/vendor/subscription/create		undefined
2024-10-22	15:37:05		a1de8db6-2bd0-4096-b892-6df9b9bae15c		POST		/net/api/vendor/subscription/create		undefined
2024-10-22	15:37:30		a647e3e6-e0ce-48ec-b674-dcecb32a0e71		POST		/net/api/vendor/subscription/create		undefined
2024-10-22	15:38:05		9098e143-c30f-4cfe-8288-829630b15b58		POST		/net/api/user/subscription/create		undefined
2024-10-22	15:39:09		5e93243b-47ef-4df0-83ac-b7d72dbeec13		POST		/net/api/vendor/subscription/create		undefined
2024-10-22	15:39:17		6b2c1d50-1ab6-4a0b-9078-e20a1c6761ff		POST		/net/api/vendor/subscription/create		undefined
2024-10-22	15:56:18		c69ba55f-ac06-4c68-909b-fe7b8727d35c		PATCH		/net/api/vendor/subscription/6714f9e966ff80a3b610ac21/update		undefined
2024-10-22	15:57:54		320b526f-1f5b-4633-be20-ca74ee875d92		PATCH		/net/api/vendor/subscription/6714f9e966ff80a3b610ac21/update		undefined
2024-10-22	15:58:18		22e891e2-c256-4e50-94c0-8519c0fd7335		PATCH		/net/api/vendor/subscription/6714f9e966ff80a3b610ac21/activate		undefined
2024-10-22	15:59:58		65fa1f41-06a0-4310-82c8-ad95e43e6f4d		PATCH		/net/api/vendor/subscription/6714f9e966ff80a3b610ac21/activate		undefined
2024-10-22	16:00:08		eaeccf8d-12d7-4a6b-bf10-43fe37cf44fa		POST		/net/api/user/subscription/create		undefined
2024-10-22	16:00:57		4776c85d-80b4-47b7-b8e2-7395ad457f40		PATCH		/net/api/vendor/subscription/670292d4f2059d6fe17d57db/activate		undefined
2024-10-22	16:01:07		ec3ba76d-3ee3-49b6-938c-27a4209e43e4		PATCH		/net/api/vendor/subscription/670292d4f2059d6fe17d57db/activate		undefined
2024-10-22	16:01:24		6e385af5-a84a-4733-aa38-7a95b353f149		PATCH		/net/api/vendor/subscription/67179cf5c16fef76508aec1a/activate		undefined
2024-10-22	16:01:43		4fbe64c2-94e0-4db1-b506-a5e8b1acdd7e		GET		/net/api/user/subscription/listAll		undefined
2024-10-22	16:02:17		7b3dfc59-efb1-457d-8088-9b126e6ccb11		GET		/net/api/vendor/subscription/listAll		undefined
2024-10-22	16:05:07		a272e0cb-0d26-43ba-b52d-f65b805c9cf2		POST		/net/api/vendor/subscription/create		undefined
2024-10-22	16:09:02		5084e3d1-c80f-4efd-bc88-a22a7c4deffb		POST		/net/api/vendor/subscription/create		undefined
2024-10-22	16:09:17		d5c41793-ee6e-4097-8fa4-870104a34e65		POST		/net/api/user/subscription/create		undefined
2024-10-22	16:09:33		f34c13f8-427d-4052-8ed6-2a490bc98615		POST		/net/api/user/subscription/create		undefined
2024-10-22	16:13:27		64d5cd9b-5e93-4729-9432-5acc4f223d66		POST		/net/api/user/subscription/create		undefined
2024-10-22	16:13:30		552075e3-e78b-41c3-b9d5-ef537d7061bb		POST		/net/api/user/subscription/create		undefined
2024-10-22	16:15:07		df8a2494-2fdf-4699-9e32-548b1a1a3bcb		POST		/net/api/user/subscription/create		undefined
2024-10-22	16:15:15		322975a9-018c-42fd-a479-60552917a9c7		POST		/net/api/user/subscription/create		undefined
2024-10-22	16:15:54		83a85782-b4ee-4104-ad2d-b49731279020		POST		/net/api/user/subscription/create		undefined
2024-10-22	16:17:20		48f32bb6-3f4c-429b-8ba2-8682893b9042		POST		/net/api/user/subscription/create		undefined
2024-10-22	16:17:25		03713169-4977-489d-b79b-153311b07843		POST		/net/api/user/subscription/create		undefined
2024-10-22	16:17:54		f6599e8a-068b-44bd-ade8-1d4f236422f0		POST		/net/api/user/subscription/create		undefined
2024-10-22	16:17:56		86a50879-dd7f-47ab-8b2f-7d7a2055fba8		POST		/net/api/user/subscription/create		undefined
2024-10-22	16:18:43		ee0211f5-5b83-4654-902a-212b5b9a9d93		POST		/net/api/user/subscription/create		undefined
2024-10-22	16:19:44		93f22870-2980-4857-894e-d77683c1f2cf		POST		/net/api/user/subscription/create		undefined
2024-10-22	17:05:32		6ceebc6d-a21c-4c8e-8e0b-0eb6081cabc6		POST		/net/api/user/subscription/create		undefined
2024-10-22	17:05:37		643f1971-b932-43cd-a092-513ca64f61e6		POST		/net/api/user/subscription/create		undefined
2024-10-22	17:06:58		98b0193a-b733-40a4-831a-ca79c1397b39		POST		/net/api/user/subscription/create		undefined
2024-10-22	17:07:44		618ef51f-23d0-4a1a-b5ca-9a03707db7ad		POST		/net/api/user/subscription/create		undefined
2024-10-22	17:08:17		8e8da5aa-093a-4538-9804-d0c4038f074e		POST		/net/api/user/subscription/create		undefined
2024-10-22	17:08:18		6014f3a8-62c0-4ec6-8ef9-89528a83e8b8		POST		/net/api/user/subscription/create		undefined
2024-10-22	17:08:19		4e85ec02-d229-489e-9062-f15aa722987d		POST		/net/api/user/subscription/create		undefined
2024-10-22	17:08:20		72ecfbaa-2157-4440-9217-e5cfbe99e099		POST		/net/api/user/subscription/create		undefined
2024-10-22	17:08:21		60c5dc7f-5f6f-40a0-ac00-af0269f1fe57		POST		/net/api/user/subscription/create		undefined
2024-10-22	17:10:11		4a5f9ef8-9d83-4952-ac7c-c1911f0e83c3		POST		/net/api/vendor/subscription/create		undefined
2024-10-22	17:10:29		4fcf36fe-1624-4111-92bd-f77fcfae7d8e		POST		/net/api/user/subscription/create		undefined
2024-10-22	17:10:50		a1052b83-c9c0-49bd-b9ed-6e9ca443503b		POST		/net/api/user/subscription/create		undefined
2024-10-22	17:14:02		a12d5033-9c37-4c59-ada9-07ce88cbe29a		POST		/net/api/vendor/subscription/create		undefined
2024-10-22	17:14:12		ce75f65c-3142-4744-a1e6-89f1bd053e46		POST		/net/api/user/subscription/create		undefined
2024-10-22	17:14:14		cd7b4f07-f297-4ea8-a3ec-e61a4d40251f		POST		/net/api/user/subscription/create		undefined
2024-10-22	18:12:04		a53582ec-256e-4a79-8eaf-47cfe3722ab8		POST		/net/api/vendor/subscription/create		undefined
2024-10-22	18:35:18		a261bd31-c669-4522-bb8f-824e25825add		POST		/net/api/user/subscription/create		undefined
2024-10-22	18:35:48		dbdf6877-4646-416f-9f3b-bb77837620cd		POST		/net/api/vendor/subscription/create		undefined
2024-10-22	18:36:18		af706efd-fc9a-402b-8748-90391e4af2f3		POST		/net/api/user/subscription/create		undefined
2024-10-22	18:36:28		c93a3eff-3059-4595-b43f-befacd89b410		POST		/net/api/user/subscription/create		undefined
2024-10-22	18:36:53		dbd9e54e-e5e9-4d20-8416-1e65ca8a9852		GET		/net/auth/api/users/listAll		undefined
2024-10-22	18:37:43		e3ed5c93-b5b8-415c-ad84-063c0522ca66		DELETE		/net/api/user/subscription/1/delete		undefined
2024-10-22	19:00:51		7890c3e9-0f8d-4c3c-966a-014a2c6dba94		POST		/net/api/vendor/subscription/create		undefined
2024-10-22	19:33:10		9e78183c-66fe-4765-8504-fe3e48f0373f		POST		/net/auth/login		undefined
2024-10-22	19:33:39		5c49f0db-b938-4c50-923b-6eee04864055		POST		/net/auth/login		undefined
2024-10-22	19:34:26		4c6f1e70-8c42-4271-8a39-d17d6ebf6a5b		POST		/net/auth/login		undefined
2024-10-22	19:34:32		3533d04d-6752-4e16-9e65-607bc068e5fb		POST		/net/auth/login		undefined
2024-10-22	19:34:33		b1f5e5ec-c183-43b1-8448-1c135da9f6a1		POST		/net/auth/login		undefined
2024-10-22	19:34:34		bdd9b70d-1400-4520-9f28-f0c8230679fa		POST		/net/auth/login		undefined
2024-10-22	19:34:35		67c3cad4-fb1c-4ac7-b5e3-54d1003cc36c		POST		/net/auth/login		undefined
2024-10-22	20:13:09		5b1e396e-2cac-49bf-a2db-3df213e1e0f1		POST		/net/auth/login		undefined
2024-10-22	20:13:11		d804d114-b983-4d8a-9016-c9697dd01032		POST		/net/auth/login		undefined
2024-10-22	20:13:12		d83e2f64-9536-4258-bad7-117a8bd154d2		POST		/net/auth/login		undefined
2024-10-22	20:13:17		91f7c02f-1cd3-4c5b-b790-81825f11dc6f		POST		/net/auth/login		undefined
2024-10-22	21:23:10		e49409bd-4807-4922-acb0-a920f647aba0		POST		/net/auth/login		undefined
2024-10-22	21:23:14		b0989c5d-7533-4f94-91e2-c4bde8cb3d5e		POST		/net/auth/login		undefined
2024-10-22	21:28:23		6dcd743a-d6d5-438f-9540-3dd839898ace		POST		/net/auth/login		undefined
2024-10-22	21:29:27		19202aa9-9b0d-441d-95d0-b0cf3ed1fc59		POST		/net/auth/login		undefined
2024-10-22	21:29:30		d99d81ea-fe73-40a7-a965-d89e59e91a7c		POST		/net/auth/login		undefined
2024-10-22	21:30:18		ea251753-fb6b-4b94-b695-d61cc14390b2		POST		/net/auth/login		undefined
2024-10-22	21:30:19		14427d3d-c420-47be-9088-d62837ba2843		POST		/net/auth/login		undefined
2024-10-22	21:30:33		68e3106b-65a7-4ca0-aea9-d73b4f4f4d3c		POST		/net/auth/login		undefined
2024-10-22	21:30:34		36e8f606-1cf2-4748-9bce-20093401e510		POST		/net/auth/login		undefined
2024-10-23	07:25:58		9446e9e9-b738-4e3b-bdcd-ad0b9ac9ff8f		POST		/net/auth/logout		undefined
2024-10-23	07:26:03		212de6c2-4188-4781-bfe3-fa5b5d4fdd6e		POST		/net/auth/logout		undefined
2024-10-23	07:28:42		6b7adb57-3257-4237-a567-18e71d62614f		POST		/net/auth/logout		undefined
2024-10-23	07:28:57		e4aad6cb-e278-4ef2-b1c9-d8f6bc86922e		POST		/net/auth/login		undefined
2024-10-23	07:29:07		0f48c474-3e42-4c38-bdaa-51bf7a68cca0		POST		/net/auth/logout		undefined
2024-10-23	07:29:27		d314674b-2532-43ab-abc2-830e76f7c15a		POST		/net/auth/logout		undefined
2024-10-23	07:29:40		910e304d-e798-4a58-8cda-e41283decaa6		POST		/net/auth/login		undefined
2024-10-23	10:41:15		282ae2f7-df11-4b2f-acd4-d4b3c0601e4f		GET		/net/api/vendor/subscription/listAll		undefined
2024-10-23	10:41:21		35bb9b58-ce50-49bd-aa84-adacd57ad13f		GET		/net/api/vendor/subscription/listAll		undefined
2024-10-23	10:41:53		6bce8018-c918-44cd-bb6e-81eedd7002ef		POST		/net/auth/login		undefined
2024-10-23	10:42:16		746e325c-d6d0-43cc-a7a2-1e992f534478		GET		/net/api/vendor/subscription/listAll		undefined
2024-10-23	10:42:54		438eeca0-4fbb-4b88-a978-d5bbde553774		GET		/net/api/vendor/subscription/listAll		undefined
2024-10-23	10:43:29		ad1d12b1-ce81-4f9e-bb6e-e2cc4caf529b		GET		/net/api/vendor/subscription/listAll		undefined
2024-10-23	10:43:49		804b7416-17e9-4e0f-a90d-3dfda937658c		GET		/net/api/vendor/subscription/listAll		undefined
2024-10-23	10:44:19		d6efe9ff-d62f-42e2-b81b-8857ca2d56f7		GET		/net/api/vendor/subscription/listAll		undefined
2024-10-23	10:45:42		425de142-2af7-442b-86f6-cb7de982635d		GET		/net/api/vendor/subscription/listAll		undefined
2024-10-23	10:46:31		a8910263-8216-4797-8fdf-638183fee6ee		GET		/net/api/vendor/subscription/listAll		undefined
2024-10-23	10:48:16		18f46b60-676a-472d-a72e-b4f56efee88f		GET		/net/api/vendor/subscription/listAll		undefined
2024-10-23	10:48:58		8158178a-16e5-4be3-98ac-88907519fc9f		GET		/net/api/vendor/subscription/listAll		undefined
2024-10-23	10:49:55		daffaf36-0f51-4b0d-b32b-f1916e7e5655		GET		/net/api/vendor/subscription/listAll		undefined
2024-10-23	10:51:39		34cc3ea9-31c2-492d-8910-86f716dc1cb6		GET		/net/api/vendor/subscription/listAll		undefined
2024-10-23	10:55:42		bb84621d-fe96-4efb-91c8-9b6653669cff		GET		/net/api/vendor/subscription/listAll		undefined
2024-10-23	10:57:28		042a7850-4755-4769-94af-bd8c9648f2e8		GET		/net/api/vendor/subscription/listAll		undefined
2024-10-23	10:57:31		507bcd62-11d9-4f93-a5c1-589609548e51		GET		/net/api/vendor/subscription/listAll		undefined
2024-10-23	10:59:06		a635462c-c05f-4ce2-9944-92698471c6a0		POST		/net/auth/create		undefined
2024-10-23	10:59:38		937662dd-14ac-483a-aaaf-987248a0a11c		POST		/net/auth/create		undefined
2024-10-23	10:59:43		09d6333f-75d3-46d9-83cd-c0ec5af3fe0b		POST		/net/auth/create		undefined
2024-10-23	11:01:20		43721c20-fa25-41b5-9fb6-3fde5bc93ba1		POST		/net/auth/login		undefined
2024-10-23	11:01:39		1c637ab9-911f-4fc1-9cc2-452860e621b6		GET		/net/api/vendor/subscription/listAll		undefined
2024-10-23	11:02:26		3df6f127-e23d-4634-9d7c-7af8469c80c1		POST		/net/auth/login		undefined
2024-10-23	11:02:36		2aca00c4-4022-4f3a-b082-726b1c0f6716		GET		/net/api/vendor/subscription/listAll		undefined
2024-10-23	11:02:55		7d26ebf6-e8c9-4e99-9c34-4a73052d3629		GET		/net/api/vendor/subscription/listAll		undefined
2024-10-23	11:03:25		a499b666-b0b7-49b6-ae2c-09b690b59e10		GET		/net/api/vendor/subscription/listAll		undefined
2024-10-23	11:03:31		9d8abee1-e60a-40c8-bb74-bdd459c4e21f		GET		/net/api/vendor/subscription/listAll		undefined
2024-10-23	11:03:39		bf2ce5c4-0f46-4175-8398-b8d8db07d1d9		GET		/net/api/vendor/subscription/listAll		undefined
2024-10-23	11:03:46		4649e01a-5773-448d-9d5d-84ee65aa1904		GET		/net/api/vendor/subscription/listAll		undefined
2024-10-23	11:03:53		970476f6-b454-4e44-ad21-0678cc6ebcd8		GET		/net/api/vendor/subscription/listAll		undefined
2024-10-23	11:04:03		4b6d6a59-a3b0-4e9d-9727-1de8270fb969		GET		/net/api/vendor/subscription/listAll		undefined
2024-10-23	11:04:04		2b51913a-a35d-4665-af3b-999a1d73031e		GET		/net/api/vendor/subscription/listAll		undefined
2024-10-23	11:04:09		6738dccf-b357-49cb-8211-a9cf7243d4d7		GET		/net/api/vendor/subscription/listAll		undefined
2024-10-23	11:05:24		5bc8c422-3f6b-4f53-9475-416809d54089		GET		/net/api/vendor/subscription/listAll		undefined
2024-10-23	11:08:25		114666f8-0e0a-42ec-890d-949278050293		GET		/net/api/vendor/subscription/listAll		undefined
2024-10-23	11:09:13		77cf1abb-d9ba-452b-a0a5-daf6788a711a		POST		/net/auth/login		undefined
2024-10-23	11:09:24		52b0789d-41b5-4495-8a9a-cfbead5d2fcd		GET		/net/api/vendor/subscription/listAll		undefined
2024-10-23	11:10:05		f170da04-eccf-4e3b-b37b-3c9d1920e699		GET		/net/api/vendor/subscription/listAll		undefined
2024-10-23	11:10:08		2d7b32cc-b27b-4a47-be49-930b78532778		GET		/net/api/vendor/subscription/listAll		undefined
2024-10-23	11:10:10		213d37ae-118d-46ce-ae4d-4c0eab07d381		GET		/net/api/vendor/subscription/listAll		undefined
2024-10-23	11:11:18		7a2a783c-dfd0-4502-9faa-46991fe29a00		POST		/net/auth/login		undefined
2024-10-23	11:11:33		ef379c43-4ad6-4227-870d-f6f643306afc		GET		/net/api/vendor/subscription/listAll		undefined
2024-10-23	11:11:42		f73827f6-2507-4bee-a460-9808eee0654e		GET		/net/api/vendor/subscription/listAll		undefined
2024-10-23	11:12:32		84ac100c-84e6-40e4-82ce-7912b32d481f		GET		/net/api/vendor/subscription/listAll		undefined
2024-10-23	11:14:14		460cfb2a-32fc-4fce-b7c7-e8d5804cf9c3		GET		/net/api/vendor/subscription/listAll		undefined
2024-10-23	11:14:59		c69131c4-a195-440c-ae21-ad513e7e8da3		POST		/net/auth/login		undefined
2024-10-23	11:15:11		78223f82-a1b1-493d-b9f9-9cd73d68c32a		GET		/net/api/vendor/subscription/listAll		undefined
2024-10-23	11:15:27		5d38dff1-da01-488e-81e2-876b80695228		GET		/net/api/vendor/subscription/listAll		undefined
2024-10-23	11:16:00		1c5ea034-fa12-441b-9735-b69b7f46f95a		GET		/net/api/vendor/subscription/listAll		undefined
2024-10-23	11:16:05		854e01d5-96b3-4f14-888a-73b76ec2de96		POST		/net/auth/login		undefined
2024-10-23	11:16:15		11a5758d-30b2-439d-bd00-dd2d812f4594		GET		/net/api/vendor/subscription/listAll		undefined
2024-10-23	11:16:19		994109d1-b1a0-45d5-9434-e97d88663ebb		GET		/net/api/vendor/subscription/listAll		undefined
2024-10-23	11:16:22		f5b1db8e-c158-4fef-bd8d-ad9896c9a7f1		GET		/net/api/vendor/subscription/listAll		undefined
2024-10-23	11:17:47		03b79f93-6091-415c-87a4-5aae0f4bfc7a		GET		/net/api/vendor/subscription/listAll		undefined
2024-10-23	11:17:49		7e54d260-438b-4531-9d94-5b1d04b4d835		GET		/net/api/vendor/subscription/listAll		undefined
2024-10-23	11:17:55		740b93ef-38a8-4f8d-8f45-4849487fd5b8		POST		/net/auth/login		undefined
2024-10-23	11:18:06		6d41ae36-2907-4782-9b26-a0ac68bd9e32		GET		/net/api/vendor/subscription/listAll		undefined
2024-10-23	11:18:09		849e1f5f-3f02-4e06-8a73-c60214c511bc		GET		/net/api/vendor/subscription/listAll		undefined
2024-10-23	11:18:10		ad58ed6b-7df8-41c3-9e7d-3c2462d5ce9f		GET		/net/api/vendor/subscription/listAll		undefined
2024-10-23	11:18:44		f794339e-a271-402e-b987-bfb83e01324d		GET		/net/api/vendor/subscription/listAll		undefined
2024-10-23	11:22:12		1f8a00de-b680-4541-a963-97abe8ef5709		GET		/net/api/vendor/subscription/listAll		undefined
2024-10-23	11:22:15		f6697a11-1bc5-4ad8-9c1c-19efe4eafe54		GET		/net/api/vendor/subscription/listAll		undefined
2024-10-23	16:36:54		bdc8f463-8fc2-46c7-ba94-1743ecad9074		GET		/net/api/user/344/update		undefined
2024-10-23	16:38:13		66349e7f-55a5-499b-ba13-e4a3c7f7aeeb		PUT		/net/api/user/344/update		undefined
2024-10-23	16:38:38		47d3f1f2-b796-46a6-a2ca-bb38dcda35dc		PUT		/net/api/user/6718acf8692493c43c804a1a/update		undefined
2024-10-23	16:38:51		da329f62-a336-4d70-822b-8cd08f69c6a9		PUT		/net/api/user/6718acf8692493c43c804a1a/update		undefined
2024-10-23	16:39:23		0dfb342b-500c-41c7-b021-3cf4b5b6c963		GET		/net/auth/api/users/listAll		undefined
2024-10-23	16:40:04		eea131fc-b805-4be2-93e6-45e7e2728c3d		PUT		/net/api/user/6718acf8692493c43c804a1a/update		undefined
2024-10-23	16:41:22		c3405da7-9c22-4ef6-9794-61392679e6e0		PUT		/net/api/user/6718acf8692493c43c804a1a/update		undefined
2024-10-23	16:41:57		0e1c1d0f-2407-426f-8c1c-da0bb985139f		PUT		/net/api/user/6718acf8692493c43c804a1a/update		undefined
2024-10-23	16:42:02		87201cc8-e885-4a26-807f-3b51f0f4fbae		GET		/net/auth/api/users/listAll		undefined
2024-10-23	17:19:03		81384bda-5109-40bd-b2f5-a09f3a96fbbf		GET		/net/api/vendor/subscription/listAll		undefined
2024-10-23	17:19:05		e2be6067-bc96-4298-91d4-5310c308091e		GET		/net/api/vendor/subscription/listAll		undefined
2024-10-23	17:19:07		d3cb0dfa-812f-4eb6-962a-216ae2cd3262		GET		/net/api/vendor/subscription/listAll		undefined
2024-10-23	17:19:08		ba81196a-25ac-4745-858b-b212d5185c6e		GET		/net/api/vendor/subscription/listAll		undefined
2024-10-23	17:19:13		f9a946ed-4b2b-4bac-a2f7-498c7c4d295c		GET		/net/auth/api/users/listAll		undefined
2024-10-23	17:19:54		d0a22685-e97b-42e0-90fb-1a5e925189f6		PUT		/net/api/user/6718acf8692493c43c804a1a/update		undefined
2024-10-24	08:36:43		21f09ee9-2160-4da3-a7cd-d416f16951da		GET		/net/auth/login		undefined
2024-10-24	08:36:55		6686032a-7e52-4dbf-81b8-b7f22a8377b4		GET		/net/auth/refresh		undefined
2024-10-24	08:37:13		6e040bbc-e392-48cf-844d-3bb193ae608f		POST		/net/auth/login		undefined
2024-10-24	08:37:38		93240603-b4f9-44bf-b12b-862d04948e1f		POST		/net/auth/login		undefined
2024-10-24	08:39:05		7c51369e-d047-4de2-9a0a-ab0d6556c77f		GET		/net/auth/refresh		undefined
2024-10-24	08:39:21		b6151212-3b29-4192-bacf-056581147e18		GET		/net/auth/login		undefined
2024-10-24	08:39:27		b4bfac38-aa13-40a4-a0a0-798a33bcd171		POST		/net/auth/login		undefined
2024-10-24	08:40:06		2d02a38b-d063-4a43-a24e-6b74c9de8b54		GET		/net/auth/refresh		undefined
2024-10-24	08:41:23		161e3b56-4d20-4c4a-9035-da4ea16285f7		GET		/net/auth/refresh		undefined
2024-10-24	08:41:43		22283583-7803-4ac0-8a75-96eea1a6a8d9		GET		/net/auth/refresh		undefined
2024-10-24	08:42:22		d34368b0-f3e6-43b3-bdad-894f3b3ba1e7		GET		/net/auth/refresh		undefined
2024-10-24	08:48:54		a81f7745-cc25-4982-9bdc-b2b01508ad1b		GET		/net/auth/refresh		undefined
2024-10-24	08:49:02		17b1c8b9-b6aa-4df0-9ec1-634fa62fcf88		GET		/net/auth/refresh		undefined
2024-10-24	08:49:21		f9c644da-5be5-46fb-89c6-ca4d62df73db		GET		/net/auth/refresh		undefined
2024-10-24	08:49:26		a6e208df-5cfd-42b1-b409-3cd87da599c1		GET		/net/auth/refresh		undefined
2024-10-24	08:50:20		9618cf77-d98d-4f88-ba7e-5a9fddf145ae		GET		/net/auth/refresh		undefined
2024-10-24	08:50:42		d9c2afcd-6e89-48cb-ad2e-10f660ba0ab9		GET		/net/auth/refresh		undefined
2024-10-24	08:52:38		1d7172fe-5504-4150-bf9f-c14060cbf68e		GET		/net/auth/refresh		undefined
2024-10-24	08:53:01		c705bd64-90fa-48ea-82da-88bd7984016f		GET		/net/auth/refresh		undefined
2024-10-24	08:53:20		7000a5ca-c9b6-4a74-8fa6-4f3190da30f1		GET		/net/auth/refresh		undefined
2024-10-24	08:54:01		af0c9514-a8ef-4a60-b3b1-1fdacdfed8c1		GET		/net/auth/refresh		undefined
2024-10-24	08:54:29		9aeca88d-2040-46a6-8dcf-c021e29037dc		GET		/net/auth/refresh		undefined
2024-10-24	08:56:41		455a30f2-924a-4c2c-b3b9-6f8df604902e		GET		/net/auth/refresh		undefined
2024-10-24	08:57:01		dc395906-dd59-4bdc-b892-368bf251203d		GET		/net/auth/refresh		undefined
2024-10-24	08:58:19		e705671a-259d-41a8-90d8-cddfcedf2b00		GET		/net/auth/refresh		undefined
2024-10-24	08:58:46		be5887a0-b637-4a7f-a494-ac69fa835ef8		GET		/net/auth/refresh		undefined
2024-10-24	08:58:49		ec4d1f77-e497-4cba-a0d1-37acffc8102f		GET		/net/auth/refresh		undefined
2024-10-24	08:58:51		6a20d1ab-8ac9-484b-b9c6-8718eb33f7f4		GET		/net/auth/refresh		undefined
2024-10-24	17:19:36		383a8993-d5bd-46c7-bd42-ea7236641a49		GET		/net/api/user/d/create		undefined
2024-10-24	17:19:42		15210ed8-090e-4825-a4e6-7f8ef357dc83		POST		/net/api/user/d/create		undefined
2024-10-24	17:19:54		7bab44bb-b33b-4a1b-abf5-7b89a089b4be		POST		/net/api/user/d/create		undefined
2024-10-24	17:19:58		751b68d2-a164-4912-8c85-325fd5b94175		POST		/net/api/user/d/create		undefined
2024-10-24	17:19:59		311ea25a-e2c0-4e9a-8dfb-1bd00921b2ad		POST		/net/api/user/d/create		undefined
2024-10-24	17:22:35		9f5dd915-34a6-470b-821f-37b593744123		POST		/net/api/user/d/create		undefined
2024-10-24	17:22:36		dfc2a4e2-fa07-4fe5-bf36-087ce2379555		POST		/net/api/user/d/create		undefined
2024-10-24	17:22:37		c8dbe411-e7a4-4b30-bbd1-35cf21885c16		POST		/net/api/user/d/create		undefined
2024-10-24	17:23:02		59a253f1-f199-4171-b264-3e84b699857f		DELETE		/net/api/user/d/sdsdsd/delete		undefined
2024-10-24	17:23:09		72e1a596-92e5-4912-ab83-20e9e41580e5		DELETE		/net/api/user/d/sdsdsd/delete		undefined
2024-10-24	17:23:09		0c4b46ea-fc22-4081-8259-14722af301f0		DELETE		/net/api/user/d/sdsdsd/delete		undefined
2024-10-24	17:23:09		dd9e62c2-b0a3-44df-ba22-1324e80eddb1		DELETE		/net/api/user/d/sdsdsd/delete		undefined
2024-10-24	17:23:10		45e66537-c71b-480a-892f-6cb988b3b5ad		DELETE		/net/api/user/d/sdsdsd/delete		undefined
2024-10-24	17:23:10		fd38df1e-7b89-472f-a4c5-a6a444f923fb		DELETE		/net/api/user/d/sdsdsd/delete		undefined
2024-10-24	17:23:10		cbdc7e84-6daa-482f-948b-4f82a250834a		DELETE		/net/api/user/d/sdsdsd/delete		undefined
2024-10-24	17:28:30		3a287e14-0ad4-43e6-80c1-bcaa85ffaa2c		PUT		/net/api/user/d/sdsdsd/delete		undefined
2024-10-24	17:28:42		85083dfc-6c06-4e04-9cc5-3d6b87ff71f7		PUT		/net/api/user/d/sdsdsd/update		undefined
2024-10-24	17:29:25		33488640-476e-4b3b-a8f1-a6230718d04f		GET		/net/api/user/d/listAll		undefined
2024-10-24	17:31:52		0f918cfc-a737-4454-80e6-60f9a288059e		GET		/net/api/user/d/listAll		undefined
2024-10-24	17:32:00		2dc86a1f-c30e-4c93-9e84-3072b4889c35		GET		/net/api/user/d/listAll		undefined
2024-10-24	17:34:10		129a836b-e6f8-40c4-bd90-f6c35f89a982		GET		/net/api/user/d/listAll		undefined
2024-10-24	17:34:10		d4cf645a-42e3-4ead-98d4-d36497c23b5b		GET		/net/api/user/d/listAll		undefined
2024-10-24	17:34:10		337c9873-9e5d-4923-9cc1-01853eb274b4		GET		/net/api/user/d/listAll		undefined
2024-10-24	17:34:11		0d205545-e8ee-4021-a063-4455c9717617		GET		/net/api/user/d/listAll		undefined
2024-10-24	17:34:11		a3b75ebc-02bc-4a3c-82f1-d805fd4f8be2		GET		/net/api/user/d/listAll		undefined
2024-10-24	17:34:14		59474a9c-5cbf-4ae7-85ca-6caa5e661106		GET		/net/api/user/d/listAll		undefined
2024-10-24	17:34:15		09e5c2d6-0f29-4de6-bd43-d27f5d5ea738		GET		/net/api/user/d/listAll		undefined
2024-10-24	17:34:15		bb366178-8091-448b-b4ef-5c4235bc4e16		GET		/net/api/user/d/listAll		undefined
2024-10-24	17:34:15		e14d6531-2462-4379-9304-42e9c17abfe5		GET		/net/api/user/d/listAll		undefined
2024-10-24	17:34:16		6c9762d6-b374-4ddf-b2fa-7f2c66a28830		GET		/net/api/user/d/listAll		undefined
2024-10-24	17:34:16		1e050e28-7550-48ec-88ed-e35d29687420		GET		/net/api/user/d/listAll		undefined
2024-10-24	17:34:16		015ce092-eaad-42e7-a14d-2161904de494		GET		/net/api/user/d/listAll		undefined
2024-10-24	18:14:19		22c3f471-ab31-4218-84dd-7c995e6ef789		POST		/net/api/user/subscription/create		undefined
2024-10-24	18:14:23		4b2f4011-57df-4f22-be6e-90efcac372f7		POST		/net/api/user/subscription/create		undefined
2024-10-24	18:14:55		7f2337be-54b5-4541-a80c-52d44717579e		POST		/net/api/user/subscription/create		undefined
2024-10-24	18:14:56		e7fe1382-ba29-4dbc-ae45-7ded3c168520		POST		/net/api/user/subscription/create		undefined
2024-10-24	18:18:15		07113417-172e-4a8c-b130-255b84f5dfd4		POST		/net/api/user/subscription/create		undefined
2024-10-24	18:18:31		31c4b4fb-88c6-4465-a470-ab32fae0d3ae		POST		/net/api/user/subscription/create		undefined
2024-10-24	18:21:28		9dc9175c-c084-41c0-9d9a-5f6c2d9d3dd1		POST		/net/api/user/subscription/create		undefined
2024-10-24	18:22:23		a1b892e7-97ea-4cc7-9b4b-488dfc760f4a		POST		/net/api/user/subscription/create		undefined
2024-10-24	18:24:59		3f42ff13-a12f-461d-8650-c27f51a129cd		POST		/net/api/user/subscription/create		undefined
2024-10-24	18:25:16		b5e83be1-177c-4b78-8ee8-9a245c4e1eb8		POST		/net/api/user/subscription/create		undefined
2024-10-24	18:26:04		93303b9d-4402-4101-8689-731cd6b4e8c0		POST		/net/api/user/subscription/create		undefined
2024-10-24	18:26:15		42132155-da55-4744-80cd-da7375e6e505		POST		/net/api/user/subscription/create		undefined
2024-10-24	18:30:05		9c4962cb-cca5-49b1-a413-31813fae6898		POST		/net/api/user/subscription/create		undefined
2024-10-24	18:30:08		63fc47ba-4630-4f28-b3dc-440ccd1642d2		POST		/net/api/user/subscription/create		undefined
2024-10-24	18:30:34		3d9c0db5-45c2-4fd9-a86d-20692a7c5fb0		POST		/net/api/user/subscription/create		undefined
2024-10-24	18:30:43		154ed10a-a446-4f55-8f18-4c87452bff0b		POST		/net/api/user/subscription/create		undefined
2024-10-24	18:30:58		3d330f28-73af-4910-a28c-43f40d6bee34		POST		/net/api/user/subscription/create		undefined
2024-10-24	18:32:25		0d6308fc-88ca-4370-a2a2-3ab567f40b19		POST		/net/api/user/subscription/create		undefined
2024-10-24	18:32:26		23e0e0ea-22f0-46d2-8c7b-e26a7af5c093		POST		/net/api/user/subscription/create		undefined
2024-10-24	18:33:23		8ca54db5-df22-4546-8fb9-cd6fd543f784		POST		/net/api/user/subscription/create		undefined
2024-10-24	18:33:48		5cf6ffbd-7df7-45fa-8c87-adbf132f7095		POST		/net/api/user/subscription/create		undefined
2024-10-24	18:34:31		b8889b8e-0341-4309-9a49-897e34b577da		POST		/net/api/user/subscription/create		undefined
2024-10-24	18:36:01		65680990-2086-4c85-b1c8-1e13cba3a354		POST		/net/api/user/subscription/create		undefined
2024-10-24	18:37:15		e7c18844-6034-4248-aed8-d8012d21f5fd		POST		/net/api/user/subscription/create		undefined
2024-10-24	18:37:39		4a451b80-9639-430b-9cc3-9b019788c0df		POST		/net/api/user/subscription/create		undefined
2024-10-24	18:38:20		892fc021-3481-4e65-b933-384c2b81e599		POST		/net/api/user/subscription/create		undefined
2024-10-24	18:38:58		2bef6dcb-37b0-4ead-8208-2fd59cb92c59		POST		/net/api/user/subscription/create		undefined
2024-10-24	18:41:07		d2ad1103-6094-4e0f-b2d9-934f10421f87		POST		/net/api/user/subscription/create		undefined
2024-10-24	18:42:07		200f659a-bbcb-4a41-84e1-d8c13df285b6		POST		/net/api/user/subscription/create		undefined
2024-10-24	18:42:18		d0585686-5cd8-42a3-b55f-825519c018fc		POST		/net/api/user/subscription/create		undefined
2024-10-24	18:44:12		8504a043-86d6-4f2a-a717-207cb480851b		POST		/net/api/user/subscription/create		undefined
2024-10-24	18:44:15		f5e48464-6ef1-432e-9503-ba2493fe1e93		POST		/net/api/user/subscription/create		undefined
2024-10-24	18:44:43		f67ff3e9-fd5b-460a-9e56-3a20102c0acc		POST		/net/api/user/subscription/create		undefined
2024-10-24	18:45:55		9eff9418-395c-4140-94bb-b9e2189f9ca2		POST		/net/api/user/subscription/create		undefined
2024-10-24	18:46:08		e29f78a5-0bd5-45cc-a673-3ad4399c9176		POST		/net/api/user/subscription/create		undefined
2024-10-24	18:46:19		9df1dfad-be5c-4225-873c-192bb4e51e2c		POST		/net/api/user/subscription/create		undefined
2024-10-24	18:47:30		abeda371-4e15-4d0a-b146-dd987abde22e		POST		/net/api/user/subscription/create		undefined
2024-10-24	18:47:40		9f235670-692c-42a7-a83b-2b701fefbfcf		POST		/net/api/user/subscription/create		undefined
2024-10-24	18:47:42		5b880f2d-a429-42ef-a961-01073de1b725		POST		/net/api/user/subscription/create		undefined
2024-10-24	18:48:48		aec34d56-7c91-41f9-998f-f649a01898b2		POST		/net/api/user/subscription/create		undefined
2024-10-24	18:49:32		7f9ac9d7-f9d5-40a4-b077-db29cc7858b6		POST		/net/api/user/subscription/create		undefined
2024-10-24	18:49:56		5d414515-403e-4e49-a282-e3da1f19dd8a		POST		/net/api/user/subscription/create		undefined
2024-10-24	18:49:58		36238a0e-0d90-40b0-8b1b-a2c7f4e7f7b8		POST		/net/api/user/subscription/create		undefined
2024-10-24	18:50:16		58d7efa4-fa06-42e9-8092-aca651cc6702		POST		/net/api/user/subscription/create		undefined
2024-10-24	18:50:28		33ae8626-573b-4f46-b077-61cf4c138d63		POST		/net/api/user/subscription/create		undefined
2024-10-24	18:50:37		5b8a1539-4d19-453b-95f3-0288f1acc0ae		POST		/net/api/user/subscription/create		undefined
2024-10-24	18:50:43		6a5a5860-0850-4e2b-a1c8-87a62c078d24		POST		/net/api/user/subscription/create		undefined
2024-10-24	18:50:49		21f30602-341a-4774-9c2b-4b910a461bad		POST		/net/api/user/subscription/create		undefined
2024-10-24	20:38:09		cf729802-a2a1-400c-bf11-2b769ee5bdc0		POST		/net/api/user/subscription/create		undefined
2024-10-24	20:39:06		466e640e-0da0-4459-8e84-2fd9d3689c6d		POST		/net/api/user/subscription/create		undefined
2024-10-24	20:44:18		156965c1-8ed4-42e8-be59-ed3da5dd9ace		POST		/net/api/user/subscription/create		undefined
2024-10-24	20:46:16		916213ba-052e-4e00-b751-3c0f4c359d4a		POST		/net/api/user/subscription/create		undefined
2024-10-24	20:46:27		d1abff41-fdf3-4e22-a60c-e76f203c9257		POST		/net/api/user/subscription/create		undefined
2024-10-24	20:46:37		1876ddc4-0987-4e62-8278-d52a734a81e5		POST		/net/api/user/subscription/create		undefined
2024-10-24	20:49:22		fd15f56f-aa13-471b-bf79-25dc55dc5d00		POST		/net/api/user/subscription/create		undefined
2024-10-24	20:49:31		7b29690e-b8a9-4fef-9818-e99d23a61269		POST		/net/api/user/subscription/create		undefined
2024-10-24	20:50:09		4b792c66-0254-4c20-a6c3-cb6401b7ea62		POST		/net/api/user/subscription/create		undefined
2024-10-24	20:50:11		33612834-9919-4f38-a8b1-96ecda5754f1		POST		/net/api/user/subscription/create		undefined
2024-10-24	20:50:12		61094420-cb30-4f86-8f0c-f69cec54de80		POST		/net/api/user/subscription/create		undefined
2024-10-24	20:50:12		a144633e-fba3-4873-860e-25c2306efb46		POST		/net/api/user/subscription/create		undefined
2024-10-24	20:50:12		08d224ed-43ac-417b-91ea-1cf705f3366a		POST		/net/api/user/subscription/create		undefined
2024-10-24	20:50:12		2b424cc4-b9f9-4299-89b7-407442763e6b		POST		/net/api/user/subscription/create		undefined
2024-10-24	20:50:13		5a54ae70-3d7b-47bd-aeaa-c1916793391d		POST		/net/api/user/subscription/create		undefined
2024-10-24	20:50:13		53cb5f45-084c-4625-8158-7511b57a5f11		POST		/net/api/user/subscription/create		undefined
2024-10-24	20:50:13		e7423f08-6154-4b4b-aff8-058c23fe88a0		POST		/net/api/user/subscription/create		undefined
2024-10-24	20:50:13		05dcf414-c04c-4419-a610-932d07fb190d		POST		/net/api/user/subscription/create		undefined
2024-10-24	20:50:13		0dc87888-03a3-4dd1-a68f-8cb4f3eaaa12		POST		/net/api/user/subscription/create		undefined
2024-10-24	20:50:29		c0aaadea-74ed-48e8-bad7-25a58eaa3f96		POST		/net/api/user/subscription/create		undefined
2024-10-24	20:50:36		955592a0-0350-422f-90b0-7d5de78ad1a2		POST		/net/api/user/subscription/create		undefined
2024-10-24	20:51:11		df429729-40b6-4725-bdab-19e744c7d878		POST		/net/api/user/subscription/create		undefined
2024-10-24	20:51:22		6f4ed5c9-9b38-4afc-85aa-9f52add689a4		POST		/net/api/user/subscription/create		undefined
2024-10-24	20:51:23		69f1d6b2-38cc-4b95-bd92-b029ed67de60		POST		/net/api/user/subscription/create		undefined
2024-10-24	20:51:28		80fd828c-4939-4cec-b672-c5bfcbacc6a5		POST		/net/api/user/subscription/create		undefined
2024-10-24	20:51:38		116e1180-4e5c-4c18-a82e-3da3a900802e		POST		/net/api/user/subscription/create		undefined
2024-10-24	20:51:51		ad666252-83dd-46fd-88d3-524b977d1962		POST		/net/api/user/subscription/create		undefined
2024-10-24	20:51:58		bc08fc5f-5482-4880-a48a-5d00b8a3fbcf		POST		/net/api/user/subscription/create		undefined
2024-10-24	20:51:59		2fe12473-f00a-4265-a500-33bc1d24ee8e		POST		/net/api/user/subscription/create		undefined
2024-10-24	20:52:03		e1b61a90-48b1-4eae-b41f-9ab76e8b9c4f		POST		/net/api/user/subscription/create		undefined
2024-10-24	20:52:03		cde8e679-1f52-48b9-9ce3-edeff5ef70fd		POST		/net/api/user/subscription/create		undefined
2024-10-24	20:53:21		151ced43-ebc2-401a-bfcc-ba9e92f93608		POST		/net/api/user/subscription/create		undefined
2024-10-24	20:54:01		e02acc6a-13a3-4506-ab70-f54b5e28ac6f		POST		/net/api/user/subscription/create		undefined
2024-10-24	20:54:20		39caae3d-d145-49b7-b05a-39c88dae8a93		POST		/net/api/user/subscription/create		undefined
2024-10-24	20:54:34		ec0d9df8-a93f-4851-8813-f18346e70367		POST		/net/api/user/subscription/create		undefined
2024-10-24	20:58:54		1b0c365e-2809-4e3e-a3b7-146207e7f41c		POST		/net/api/user/subscription/create		undefined
2024-10-24	21:33:13		9a836e80-f311-4665-80a6-ab38c743915d		POST		/net/api/user/subscription/create		undefined
2024-10-24	21:33:21		58a33100-eccc-4821-85c6-250f4f8dc27b		POST		/net/api/user/subscription/create		undefined
2024-10-24	21:34:02		d869d6f1-a93d-4ca6-945b-0ce5481f97a6		GET		/net/api/vendor/subscription/listAll		undefined
2024-10-24	21:34:46		11c5da75-7fc6-46ad-a466-6c37f68ecf9a		POST		/net/api/vendor/subscription/create		undefined
2024-10-24	21:35:26		828bf957-3bb5-4830-b2f0-704fe4b477d9		POST		/net/api/vendor/subscription/create		undefined
2024-10-24	21:35:46		77082740-20fc-4f66-837b-ad4294c6867c		POST		/net/api/user/subscription/create		undefined
2024-10-25	19:12:52		a32f8873-1db0-48db-a3f9-823e51e7ef08		GET		/		undefined
2024-10-25	19:12:54		597a2a9c-15be-4083-b008-a168248156a4		GET		/favicon.ico		undefined
2024-10-25	19:17:18		c1b2754b-d215-4bc3-adaf-88a6c2bafcec		GET		/		undefined
2024-10-25	19:17:21		f98fb1c4-4be5-4a29-a917-4a6c40ce393d		GET		/css/style.css		undefined
2024-10-25	19:19:16		9ec488c1-4265-4a8b-bec8-d6d62be329be		GET		/		undefined
2024-10-25	19:19:16		c4ed7ad7-5824-4a3c-9f6a-8a6433f6f7fd		GET		/css/style.css		undefined
2024-10-25	19:21:09		941a622d-a67d-4be1-8422-f207ef9ebc89		GET		/		undefined
2024-10-25	19:21:09		532cb9b2-35c6-448c-b35b-de82f88e1538		GET		/public//css/style.css		undefined
2024-10-25	19:21:11		d9762060-3594-4027-8aa3-afcdcbc0265a		GET		/		undefined
2024-10-25	19:21:11		7ff2dcbd-87e1-4da5-9aa4-9cf73964ed8d		GET		/public//css/style.css		undefined
2024-10-25	19:21:25		46ec4e94-3202-4cd3-8bea-797cd4cac774		GET		/		undefined
2024-10-25	19:21:25		58119cab-0ac8-419e-b1f6-44bd59e3f24a		GET		/public/css/style.css		undefined
2024-10-25	19:21:28		8ac65183-7714-483b-b5d6-19c4f3589fbc		GET		/		undefined
2024-10-25	19:21:28		b3d60942-34e3-46aa-92fe-534d5a8c6996		GET		/public/css/style.css		undefined
2024-10-25	19:21:35		1bf81b8f-6f98-4dac-ab33-3185084d58a6		GET		/public/css/style.css		undefined
2024-10-25	19:27:32		6f7c448e-251f-4079-8f85-7c2befda6a5a		GET		/		undefined
2024-10-25	19:27:33		27308f20-6925-43db-a2ad-9cc802a678ad		GET		/public/css/style.css		undefined
2024-10-25	19:27:38		9b515326-a624-4409-bd09-1b5d15f89351		GET		/		undefined
2024-10-25	19:27:38		ffa14ec9-dab5-4831-8c2d-4947c2b20355		GET		/public/css/style.css		undefined
2024-10-25	19:27:47		b4251869-6f56-4c8c-b787-156079a1b518		GET		/		undefined
2024-10-25	19:27:48		ed5016cd-642b-41d3-bc30-6ba6e675875f		GET		/public/css/style.css		undefined
2024-10-25	19:28:18		6684a9aa-7a5a-4698-aed9-06e8f7485c0d		GET		/		undefined
2024-10-25	19:28:19		f4440810-1fc3-4300-84fc-7f294bc88a16		GET		/public/css/style.css		undefined
2024-10-25	19:28:20		06bf51b4-755b-4b86-957a-7464aae1abdb		GET		/favicon.ico		undefined
2024-10-25	19:29:08		b9f33100-257d-4484-b334-90f0f17216e1		GET		/		undefined
2024-10-25	19:29:09		0711b044-dcf7-42d1-a01c-2f60286527e7		GET		/public/css/style.css		undefined
2024-10-25	19:29:52		e44b310a-c322-4eec-b885-26b59da45b29		GET		/		undefined
2024-10-25	19:29:53		a7f46719-53e1-4ebd-b206-dc9828fba886		GET		/public/css/style.css		undefined
2024-10-25	19:30:27		9f9c23fe-2b19-4721-9934-c7efcec91692		GET		/		undefined
2024-10-25	19:30:27		14f3a19d-99fd-4d1f-a15d-9ac165f2c292		GET		/public/css/style.css		undefined
2024-10-25	19:30:29		a0efc034-ef77-4881-a33f-2a1d6638af9e		GET		/		undefined
2024-10-25	19:30:29		3bac1dae-3ae0-4211-9075-194ca8929e68		GET		/public/css/style.css		undefined
2024-10-25	19:30:30		a643c319-d9dc-4af7-bb43-3dac0583d9a2		GET		/		undefined
2024-10-25	19:30:30		3365fd7d-f2fa-487a-aeab-211557312dbd		GET		/public/css/style.css		undefined
2024-10-25	19:30:51		cdfa8bda-4527-456d-b3e0-e806d73fafdf		GET		/		undefined
2024-10-25	19:30:51		01937dde-b0cc-4b5f-9df4-1d7afed1fac0		GET		/public/css/style.css		undefined
2024-10-25	19:31:12		3d8175d0-d689-4c85-8003-48879111cbbd		GET		/		undefined
2024-10-25	19:31:12		bdaadeb9-0512-4aea-810c-6cba7c259ee3		GET		/public/css/style.css		undefined
2024-10-25	19:31:13		5874abdc-2fa9-4e55-92fb-e1b058a091c5		GET		/		undefined
2024-10-25	19:31:13		1ca88446-46ab-4f21-9d3c-52a750d6dcfb		GET		/public/css/style.css		undefined
2024-10-25	19:31:13		6489c14d-6473-43c9-b79b-e1d0e9d439d0		GET		/		undefined
2024-10-25	19:31:14		21b750ce-bd91-4aa3-aaeb-5b0b6319ef59		GET		/public/css/style.css		undefined
2024-10-25	19:31:44		1c68f23b-4a54-41d9-a889-da90fd78d24b		GET		/		undefined
2024-10-25	19:31:44		ecc63c2e-6c2e-42b2-9ad3-33cca44a609d		GET		/public/css/style.css		undefined
2024-10-25	21:02:58		70ccbf33-4b8a-4b1f-b6e8-e45aecf1a17e		GET		/		undefined
2024-10-25	21:02:58		89662b35-a09d-44bb-b8b0-3baf8047ecd2		GET		/public/css/style.css		undefined
2024-10-25	21:02:59		d3c4da13-1a89-47ef-9286-7d223e7c93c3		GET		/		undefined
2024-10-25	21:02:59		79d0f18f-a245-4da5-a614-467cfd8351e5		GET		/public/css/style.css		undefined
2024-10-25	21:02:59		280c96b0-2f43-4f09-8f0a-bcad543967c1		GET		/		undefined
2024-10-25	21:03:00		82bfec01-f71f-4f03-a26f-fd5e756a7f56		GET		/public/css/style.css		undefined
2024-10-25	21:03:00		fba5fdfb-b4c5-4779-8251-89aac60a1848		GET		/		undefined
2024-10-25	21:03:00		8001ec58-96d1-4407-9740-ffe2112b3cb9		GET		/public/css/style.css		undefined
2024-10-25	21:03:18		e511048e-8ca1-4dc3-9e6b-fbb091c121b6		GET		/		undefined
2024-10-25	21:03:18		6e9a6c57-13a3-4fdf-8e26-a8d9c257abec		GET		/public/css/style.css		undefined
2024-10-25	21:03:18		85e3511e-df26-48b5-8ae1-488acef506e9		GET		/		undefined
2024-10-25	21:03:19		14ad587d-a7ef-4e87-bf79-6fdfdc2a9406		GET		/public/css/style.css		undefined
2024-10-25	21:03:19		195e2d81-fc6c-4ee5-a24d-ad0fa3db2798		GET		/		undefined
2024-10-25	21:03:19		db7eb317-e605-4691-a7e1-fa6f7f5523b4		GET		/public/css/style.css		undefined
2024-10-25	21:03:20		5030fc29-d6aa-4219-82c8-d379bb6141cd		GET		/		undefined
2024-10-25	21:03:20		0c5102bb-4ea8-48a5-ba7d-d6b24c81a209		GET		/public/css/style.css		undefined
2024-10-25	21:03:26		56e77bcc-2e0d-4c61-83a6-856babe8462f		GET		/		undefined
2024-10-25	21:03:26		825907a4-478f-4c63-bca7-fcd784ec06f7		GET		/public/css/style.css		undefined
2024-10-25	21:03:27		f970c0b3-d7eb-4f4d-b816-ebe006b13d80		GET		/		undefined
2024-10-25	21:03:27		63d041d7-afd8-46d1-a7db-a91c47a68c31		GET		/public/css/style.css		undefined
2024-10-25	21:03:27		6280e31b-ec44-44e7-abc2-f20bbf12eef7		GET		/		undefined
2024-10-25	21:03:28		f664bffa-03a5-47b1-9cdf-4e2c8d0ced94		GET		/public/css/style.css		undefined
2024-10-25	21:03:28		4eb01cc7-cc70-4716-94a3-198d4b57bc1b		GET		/		undefined
2024-10-25	21:03:29		84646cce-2f3a-4bd1-a77a-c47dfc3a03d4		GET		/public/css/style.css		undefined
2024-10-25	21:13:47		0970e978-006d-4bfc-acc2-dfbc6eeecb7b		GET		/		undefined
2024-10-25	21:13:47		931b78f2-353c-4f74-8840-c17f1ce43dfa		GET		/public/css/style.css		undefined
2024-10-25	21:13:48		99d72d36-5547-4f8a-ae2d-0f3cd7bf37b7		GET		/		undefined
2024-10-25	21:13:48		da662d70-ba74-4283-bf58-b704f71df86e		GET		/public/css/style.css		undefined
2024-10-25	21:13:49		048b4116-d9f8-4712-a614-d627e33e9bcd		GET		/		undefined
2024-10-25	21:13:49		9234d8f8-f550-4a7b-934d-4d4cc836668c		GET		/public/css/style.css		undefined
2024-10-25	21:13:49		5b5b1a90-afbd-45a6-bdac-bbff3a20f258		GET		/		undefined
2024-10-25	21:13:49		734688cd-15da-4654-88df-d19560b60e53		GET		/public/css/style.css		undefined
2024-10-25	21:13:49		d1e3a365-92aa-4e1a-9c08-c72102c51155		GET		/		undefined
2024-10-25	21:13:50		989fb881-4203-4cb0-b4e9-d4f54bdbce2c		GET		/public/css/style.css		undefined
2024-10-25	21:14:17		1b676b37-e499-4453-82d2-d691b1def803		GET		/		undefined
2024-10-25	21:14:17		c89eba63-1fd1-49c5-8c5f-4160e78506e1		GET		/public/css/style.css		undefined
2024-10-25	21:14:18		16e98c46-5ed7-46f9-9007-b1284c6e764e		GET		/		undefined
2024-10-25	21:14:18		e8f54fae-cc3e-464e-9542-55fd43235a7c		GET		/public/css/style.css		undefined
2024-10-25	21:15:43		ef4287e4-0828-413d-90b0-9900de71315c		GET		/		undefined
2024-10-25	21:15:43		ef092d0e-737e-403a-b5e9-6a9a45d3b576		GET		/public/css/style.css		undefined
2024-10-25	21:57:00		4e51654f-72c2-429f-aed2-4cc016cbc0de		GET		/		undefined
2024-10-25	21:57:00		5e1942c7-5d5c-4e49-a09b-853264e302cd		GET		/public/css/style.css		undefined
2024-10-25	21:57:16		f22aa910-cabb-4f37-afc6-9ffec6ea1850		GET		/		undefined
2024-10-25	21:57:17		bc296d36-7338-4692-a1ea-d3c2bc72c8dd		GET		/public/css/style.css		undefined
2024-10-25	21:57:26		59d21884-5f7a-4d2b-a580-9b2e5584bb77		GET		/		undefined
2024-10-25	21:57:26		10b9c355-6fcf-4358-91f9-691463469a26		GET		/public/css/style.css		undefined
2024-10-25	21:57:33		0e0aafc3-2d99-4b31-af37-3c5a339d1eb2		GET		/		undefined
2024-10-25	21:57:33		2b8c2341-5372-4dfc-9134-7191bd7d12f2		GET		/public/css/style.css		undefined
2024-11-01	18:20:51		5b47ae73-e850-44ee-8920-52fdee758066		GET		/net/auth/api/users/listAll		undefined
2024-11-01	18:20:55		c2cfe513-5706-4f94-8d99-fb2c9c73cd14		GET		/net/auth/api/users/listAll		undefined
2024-11-01	18:20:57		9753cae6-0a4f-44a1-95bf-38c21ee49a8e		GET		/net/auth/api/users/listAll		undefined
2024-11-01	18:21:18		10a12734-4776-4d93-9349-17bf6404706e		GET		/net/api/vendor/list		undefined
2024-11-01	18:21:22		dc91b9fd-7862-44dc-9c78-d8bd20151c5d		GET		/net/api/vendor/list		undefined
2024-11-01	18:21:38		37017eca-3dd1-48a8-917e-ead69169aec1		GET		/net/api/router/listAll		undefined
2024-11-01	18:21:58		fbf2b7dc-0fc1-46cf-bc9e-91490e352351		POST		/net/api/sessions/create		undefined
2024-11-01	18:22:11		36f1769f-5534-48f3-acc4-495b7cfb898c		POST		/net/api/sessions/create		undefined
2024-11-01	18:27:02		c1a7febc-afe2-479d-b974-953b34d4c355		POST		/net/api/sessions/create		undefined
2024-11-01	19:08:09		c46fd170-7d86-430f-b4e1-db8f8a1e46a2		POST		/net/api/sessions/create		undefined
2024-11-01	19:08:36		f512e741-3d08-42f0-9e24-207a4670bf7c		GET		/net/auth/api/users/listAll		undefined
2024-11-01	19:12:01		71ab7507-82a2-4fc7-950f-dbd239096541		POST		/net/api/sessions/create		undefined
2024-11-01	19:12:55		584d4c5c-a03e-4dcd-815d-7c179b41aa7e		POST		/net/api/sessions/create		undefined
2024-11-01	19:15:35		03064280-f7ed-4440-a90a-3d7b0a492503		GET		/net/api/sessions/6724fe07d48b200874e75361/end		undefined
2024-11-01	19:16:37		2327b6a8-ce23-419e-b03d-5d3f69340862		POST		/net/api/sessions/6724fe07d48b200874e75361/end		undefined
2024-11-01	19:20:33		3ccbdbbe-a886-4dc9-a937-a712de4db8bf		POST		/net/api/sessions/6724fe07d48b200874e75361/end		undefined
2024-11-01	19:22:04		ffd39008-f13b-4441-b81f-ab27e1b0029e		POST		/net/api/sessions/create		undefined
2024-11-01	19:22:07		7064e87f-973b-4109-baf9-c05882ebbdd4		POST		/net/api/sessions/6724fe07d48b200874e75361/end		undefined
2025-05-19	14:24:47		8405553e-6a88-46b9-8aae-afa671a622ae		GET		/		undefined
2025-05-19	14:24:47		39e3da8d-7eed-4cdb-a9a2-746d4a25a50b		GET		/public/css/style.css		undefined
2025-05-19	14:24:52		11d4bfbd-45ed-4cb7-9037-0fff6fc97263		GET		/favicon.ico		undefined
2025-05-19	14:29:09		38d7474b-9bfd-443e-9d96-db0ce93091cf		GET		/		undefined
2025-05-19	14:29:09		48965354-38fd-4144-ba69-03c6ccc0caa4		GET		/public/css/style.css		undefined
2025-05-19	15:15:09		0edeb3ca-740d-474e-8a70-0bab06affe10		GET		/		undefined
